Using pre-set license

 COMMAND LINE ARGUMENTS:
/Applications/Unity/Hub/Editor/2020.3.5f1/Unity.app/Contents/MacOS/Unity
-adb2
-batchMode
-noUpm
-name
AssetImportWorker0
-projectPath
/Users/denizzeybek/Documents/escapeship-1
-logFile
Logs/AssetImportWorker0.log
-srvPort
49525
Successfully changed project path to: /Users/denizzeybek/Documents/escapeship-1
/Users/denizzeybek/Documents/escapeship-1
Using Asset Import Pipeline V2.
Refreshing native plugins compatible for Editor in 28.24 ms, found 1 plugins.
Preloading 0 native plugins for Editor in 0.00 ms.
Initialize engine version: 2020.3.5f1 (8095aa901b9b)
[Subsystems] Discovering subsystems at path /Applications/Unity/Hub/Editor/2020.3.5f1/Unity.app/Contents/Resources/UnitySubsystems
[Subsystems] Discovering subsystems at path /Users/denizzeybek/Documents/escapeship-1/Assets
GfxDevice: creating device client; threaded=0
2021-06-06 14:29:22.785 Unity[11290:110894] Color LCD preferred device: Intel(R) Iris(TM) Plus Graphics 645 (low power)
2021-06-06 14:29:22.785 Unity[11290:110894] Metal devices available: 1
2021-06-06 14:29:22.785 Unity[11290:110894] 0: Intel(R) Iris(TM) Plus Graphics 645 (low power)
2021-06-06 14:29:22.785 Unity[11290:110894] Using device Intel(R) Iris(TM) Plus Graphics 645 (low power)
Initializing Metal device caps: Intel(R) Iris(TM) Plus Graphics 645
Initialize mono
Mono path[0] = '/Applications/Unity/Hub/Editor/2020.3.5f1/Unity.app/Contents/Managed'
Mono path[1] = '/Applications/Unity/Hub/Editor/2020.3.5f1/Unity.app/Contents/MonoBleedingEdge/lib/mono/unityjit'
Mono config path = '/Applications/Unity/Hub/Editor/2020.3.5f1/Unity.app/Contents/MonoBleedingEdge/etc'
Using monoOptions --debugger-agent=transport=dt_socket,embedding=1,server=y,suspend=n,address=127.0.0.1:56290
Begin MonoManager ReloadAssembly
Registering precompiled unity dll's ...
Register platform support module: /Applications/Unity/Hub/Editor/2020.3.5f1/Unity.app/Contents/PlaybackEngines/MacStandaloneSupport/UnityEditor.OSXStandalone.Extensions.dll
Registered in 0.002718 seconds.
Native extension for OSXStandalone target not found
Refreshing native plugins compatible for Editor in 31.75 ms, found 1 plugins.
Preloading 0 native plugins for Editor in 0.00 ms.
Mono: successfully reloaded assembly
- Completed reload, in  2.569 seconds
Platform modules already initialized, skipping
Registering precompiled user dll's ...
Registered in 0.002317 seconds.
Begin MonoManager ReloadAssembly
Native extension for OSXStandalone target not found
Refreshing native plugins compatible for Editor in 0.30 ms, found 1 plugins.
Preloading 0 native plugins for Editor in 0.00 ms.
Mono: successfully reloaded assembly
- Completed reload, in  1.023 seconds
Platform modules already initialized, skipping
========================================================================
Worker process is ready to serve import requests
Launching external process: /Applications/Unity/Hub/Editor/2020.3.5f1/Unity.app/Contents/Tools/UnityShaderCompiler
Launched and connected shader compiler UnityShaderCompiler after 0.01 seconds
Refreshing native plugins compatible for Editor in 0.28 ms, found 1 plugins.
Preloading 0 native plugins for Editor in 0.00 ms.
Unloading 1151 Unused Serialized files (Serialized files now loaded: 0)
System memory in use before: 121.6 MB.
System memory in use after: 121.6 MB.

Unloading 9 unused Assets to reduce memory usage. Loaded Objects now: 1605.
Total: 2.263608 ms (FindLiveObjects: 0.172376 ms CreateObjectMapping: 0.041847 ms MarkObjects: 1.969455 ms  DeleteObjects: 0.078599 ms)

========================================================================
Received Import Request.
  path: Assets/menu.unity
  artifactKey: Guid(af558b20f3d74424d82d2e8a5620f2dc) Importer(815301076,1909f56bfc062723c751e8b465ee728b)
Start importing Assets/menu.unity using Guid(af558b20f3d74424d82d2e8a5620f2dc) Importer(815301076,1909f56bfc062723c751e8b465ee728b)  -> (artifact id: '06b76575d09a413df61375b16c82db71') in 0.013963 seconds
  Import took 0.017332 seconds .

========================================================================
Received Import Request.
  Time since last request: 98.444104 seconds.
  path: Assets/EscapeFromShipProject.unity
  artifactKey: Guid(5144037eff2674e89abaa3c4bfcc8f95) Importer(815301076,1909f56bfc062723c751e8b465ee728b)
Start importing Assets/EscapeFromShipProject.unity using Guid(5144037eff2674e89abaa3c4bfcc8f95) Importer(815301076,1909f56bfc062723c751e8b465ee728b)  -> (artifact id: '1e16be2936bc3d313d06480d1f29cfe2') in 0.007949 seconds
  Import took 0.010766 seconds .

========================================================================
Received Import Request.
  Time since last request: 0.003389 seconds.
  path: Assets/EscapeFromShipProject.unity
  artifactKey: Guid(5144037eff2674e89abaa3c4bfcc8f95) Importer(815301076,1909f56bfc062723c751e8b465ee728b)
Start importing Assets/EscapeFromShipProject.unity using Guid(5144037eff2674e89abaa3c4bfcc8f95) Importer(815301076,1909f56bfc062723c751e8b465ee728b)  -> (artifact id: '1e16be2936bc3d313d06480d1f29cfe2') in 0.001466 seconds
  Import took 0.003717 seconds .

========================================================================
Received Prepare
Registering precompiled user dll's ...
Registered in 0.000990 seconds.
Begin MonoManager ReloadAssembly
Native extension for OSXStandalone target not found
Refreshing native plugins compatible for Editor in 0.50 ms, found 1 plugins.
Preloading 0 native plugins for Editor in 0.00 ms.
Mono: successfully reloaded assembly
- Completed reload, in  1.146 seconds
Platform modules already initialized, skipping
Refreshing native plugins compatible for Editor in 0.29 ms, found 1 plugins.
Preloading 0 native plugins for Editor in 0.00 ms.
Unloading 1133 Unused Serialized files (Serialized files now loaded: 0)
System memory in use before: 120.5 MB.
System memory in use after: 120.6 MB.

Unloading 4 unused Assets to reduce memory usage. Loaded Objects now: 1608.
Total: 1.863661 ms (FindLiveObjects: 0.220367 ms CreateObjectMapping: 0.048655 ms MarkObjects: 1.576323 ms  DeleteObjects: 0.016834 ms)

========================================================================
Received Prepare
Registering precompiled user dll's ...
Registered in 0.000474 seconds.
Begin MonoManager ReloadAssembly
Native extension for OSXStandalone target not found
Refreshing native plugins compatible for Editor in 0.29 ms, found 1 plugins.
Preloading 0 native plugins for Editor in 0.00 ms.
Mono: successfully reloaded assembly
- Completed reload, in  0.955 seconds
Platform modules already initialized, skipping
Refreshing native plugins compatible for Editor in 0.32 ms, found 1 plugins.
Preloading 0 native plugins for Editor in 0.00 ms.
Unloading 1133 Unused Serialized files (Serialized files now loaded: 0)
System memory in use before: 120.9 MB.
System memory in use after: 121.0 MB.

Unloading 4 unused Assets to reduce memory usage. Loaded Objects now: 1611.
Total: 1.902825 ms (FindLiveObjects: 0.237967 ms CreateObjectMapping: 0.055948 ms MarkObjects: 1.573898 ms  DeleteObjects: 0.033148 ms)

========================================================================
Received Prepare
Registering precompiled user dll's ...
Registered in 0.000551 seconds.
Begin MonoManager ReloadAssembly
Native extension for OSXStandalone target not found
Refreshing native plugins compatible for Editor in 0.52 ms, found 1 plugins.
Preloading 0 native plugins for Editor in 0.00 ms.
Mono: successfully reloaded assembly
- Completed reload, in  1.240 seconds
Platform modules already initialized, skipping
Refreshing native plugins compatible for Editor in 0.40 ms, found 1 plugins.
Preloading 0 native plugins for Editor in 0.00 ms.
Unloading 1133 Unused Serialized files (Serialized files now loaded: 0)
System memory in use before: 121.2 MB.
System memory in use after: 121.3 MB.

Unloading 4 unused Assets to reduce memory usage. Loaded Objects now: 1614.
Total: 2.363477 ms (FindLiveObjects: 0.207902 ms CreateObjectMapping: 0.042865 ms MarkObjects: 2.072000 ms  DeleteObjects: 0.039027 ms)

========================================================================
Received Prepare
Registering precompiled user dll's ...
Registered in 0.001515 seconds.
Begin MonoManager ReloadAssembly
Native extension for OSXStandalone target not found
Refreshing native plugins compatible for Editor in 0.29 ms, found 1 plugins.
Preloading 0 native plugins for Editor in 0.00 ms.
Mono: successfully reloaded assembly
- Completed reload, in  0.961 seconds
Platform modules already initialized, skipping
Refreshing native plugins compatible for Editor in 0.30 ms, found 1 plugins.
Preloading 0 native plugins for Editor in 0.00 ms.
Unloading 1133 Unused Serialized files (Serialized files now loaded: 0)
System memory in use before: 121.5 MB.
System memory in use after: 121.6 MB.

Unloading 4 unused Assets to reduce memory usage. Loaded Objects now: 1617.
Total: 2.854237 ms (FindLiveObjects: 0.405408 ms CreateObjectMapping: 0.104284 ms MarkObjects: 2.321323 ms  DeleteObjects: 0.021639 ms)

