Using pre-set license

 COMMAND LINE ARGUMENTS:
/Applications/Unity/Hub/Editor/2020.3.5f1/Unity.app/Contents/MacOS/Unity
-adb2
-batchMode
-noUpm
-name
AssetImportWorker0
-projectPath
/Users/denizzeybek/Documents/escapeship-1
-logFile
Logs/AssetImportWorker0.log
-srvPort
49772
Successfully changed project path to: /Users/denizzeybek/Documents/escapeship-1
/Users/denizzeybek/Documents/escapeship-1
Using Asset Import Pipeline V2.
Refreshing native plugins compatible for Editor in 26.85 ms, found 1 plugins.
Preloading 0 native plugins for Editor in 0.00 ms.
Initialize engine version: 2020.3.5f1 (8095aa901b9b)
[Subsystems] Discovering subsystems at path /Applications/Unity/Hub/Editor/2020.3.5f1/Unity.app/Contents/Resources/UnitySubsystems
[Subsystems] Discovering subsystems at path /Users/denizzeybek/Documents/escapeship-1/Assets
GfxDevice: creating device client; threaded=0
2021-06-05 15:12:14.326 Unity[5557:54690] Color LCD preferred device: Intel(R) Iris(TM) Plus Graphics 645 (low power)
2021-06-05 15:12:14.326 Unity[5557:54690] Metal devices available: 1
2021-06-05 15:12:14.326 Unity[5557:54690] 0: Intel(R) Iris(TM) Plus Graphics 645 (low power)
2021-06-05 15:12:14.327 Unity[5557:54690] Using device Intel(R) Iris(TM) Plus Graphics 645 (low power)
Initializing Metal device caps: Intel(R) Iris(TM) Plus Graphics 645
Initialize mono
Mono path[0] = '/Applications/Unity/Hub/Editor/2020.3.5f1/Unity.app/Contents/Managed'
Mono path[1] = '/Applications/Unity/Hub/Editor/2020.3.5f1/Unity.app/Contents/MonoBleedingEdge/lib/mono/unityjit'
Mono config path = '/Applications/Unity/Hub/Editor/2020.3.5f1/Unity.app/Contents/MonoBleedingEdge/etc'
Using monoOptions --debugger-agent=transport=dt_socket,embedding=1,server=y,suspend=n,address=127.0.0.1:56557
Begin MonoManager ReloadAssembly
Registering precompiled unity dll's ...
Register platform support module: /Applications/Unity/Hub/Editor/2020.3.5f1/Unity.app/Contents/PlaybackEngines/MacStandaloneSupport/UnityEditor.OSXStandalone.Extensions.dll
Registered in 0.000537 seconds.
Native extension for OSXStandalone target not found
Refreshing native plugins compatible for Editor in 26.93 ms, found 1 plugins.
Preloading 0 native plugins for Editor in 0.00 ms.
Mono: successfully reloaded assembly
- Completed reload, in  1.895 seconds
Platform modules already initialized, skipping
Registering precompiled user dll's ...
Registered in 0.000372 seconds.
Begin MonoManager ReloadAssembly
Native extension for OSXStandalone target not found
Refreshing native plugins compatible for Editor in 0.28 ms, found 1 plugins.
Preloading 0 native plugins for Editor in 0.00 ms.
Mono: successfully reloaded assembly
- Completed reload, in  1.099 seconds
Platform modules already initialized, skipping
========================================================================
Worker process is ready to serve import requests
Launching external process: /Applications/Unity/Hub/Editor/2020.3.5f1/Unity.app/Contents/Tools/UnityShaderCompiler
Launched and connected shader compiler UnityShaderCompiler after 0.01 seconds
Refreshing native plugins compatible for Editor in 0.28 ms, found 1 plugins.
Preloading 0 native plugins for Editor in 0.00 ms.
Unloading 1136 Unused Serialized files (Serialized files now loaded: 0)
System memory in use before: 118.8 MB.
System memory in use after: 118.8 MB.

Unloading 9 unused Assets to reduce memory usage. Loaded Objects now: 1590.
Total: 1.943867 ms (FindLiveObjects: 0.159586 ms CreateObjectMapping: 0.039142 ms MarkObjects: 1.661272 ms  DeleteObjects: 0.082896 ms)

========================================================================
Received Import Request.
  path: Assets/images/Cannoball.cs
  artifactKey: Guid(092d1891863ff40348d4fe9517cda86a) Importer(815301076,1909f56bfc062723c751e8b465ee728b)
Start importing Assets/images/Cannoball.cs using Guid(092d1891863ff40348d4fe9517cda86a) Importer(815301076,1909f56bfc062723c751e8b465ee728b)  -> (artifact id: '9bfd09663993319aae1eca4bcbe5bbeb') in 0.616191 seconds
  Import took 0.618742 seconds .

========================================================================
Received Import Request.
  Time since last request: 379.850679 seconds.
  path: Assets/music
  artifactKey: Guid(0a4e318c3f9924a30b5309a6db3ce5b1) Importer(815301076,1909f56bfc062723c751e8b465ee728b)
Start importing Assets/music using Guid(0a4e318c3f9924a30b5309a6db3ce5b1) Importer(815301076,1909f56bfc062723c751e8b465ee728b)  -> (artifact id: '5c27f87eb32e6b58f4d6fdf189219911') in 0.002067 seconds
  Import took 0.004339 seconds .

========================================================================
Received Import Request.
  Time since last request: 25.662718 seconds.
  path: Assets/music/a-beautiful-soundtrack-for-the-apocalypse-the-expanse.mp3
  artifactKey: Guid(cada2bfef995942cc97284bae92aeb9f) Importer(815301076,1909f56bfc062723c751e8b465ee728b)
Start importing Assets/music/a-beautiful-soundtrack-for-the-apocalypse-the-expanse.mp3 using Guid(cada2bfef995942cc97284bae92aeb9f) Importer(815301076,1909f56bfc062723c751e8b465ee728b)  -> (artifact id: 'de5549b4e00b8718f164b8fe759d4a12') in 1.249190 seconds
  Import took 1.252165 seconds .

========================================================================
Received Prepare
Registering precompiled user dll's ...
Registered in 0.000668 seconds.
Begin MonoManager ReloadAssembly
Native extension for OSXStandalone target not found
Refreshing native plugins compatible for Editor in 0.29 ms, found 1 plugins.
Preloading 0 native plugins for Editor in 0.00 ms.
Mono: successfully reloaded assembly
- Completed reload, in  0.968 seconds
Platform modules already initialized, skipping
Refreshing native plugins compatible for Editor in 0.30 ms, found 1 plugins.
Preloading 0 native plugins for Editor in 0.00 ms.
Unloading 1131 Unused Serialized files (Serialized files now loaded: 0)
System memory in use before: 131.1 MB.
System memory in use after: 131.2 MB.

Unloading 4 unused Assets to reduce memory usage. Loaded Objects now: 1602.
Total: 1.758883 ms (FindLiveObjects: 0.190909 ms CreateObjectMapping: 0.038747 ms MarkObjects: 1.512999 ms  DeleteObjects: 0.015355 ms)

========================================================================
Received Prepare
Registering precompiled user dll's ...
Registered in 0.000409 seconds.
Begin MonoManager ReloadAssembly
Native extension for OSXStandalone target not found
Refreshing native plugins compatible for Editor in 0.29 ms, found 1 plugins.
Preloading 0 native plugins for Editor in 0.00 ms.
Mono: successfully reloaded assembly
- Completed reload, in  0.966 seconds
Platform modules already initialized, skipping
Refreshing native plugins compatible for Editor in 0.28 ms, found 1 plugins.
Preloading 0 native plugins for Editor in 0.00 ms.
Unloading 1131 Unused Serialized files (Serialized files now loaded: 0)
System memory in use before: 131.4 MB.
System memory in use after: 131.5 MB.

Unloading 4 unused Assets to reduce memory usage. Loaded Objects now: 1605.
Total: 1.612698 ms (FindLiveObjects: 0.183665 ms CreateObjectMapping: 0.035836 ms MarkObjects: 1.378214 ms  DeleteObjects: 0.013662 ms)

========================================================================
Received Import Request.
  Time since last request: 276.850817 seconds.
  path: Assets/Low Poly FPS Pack - Free (Sample)/Demo_Scenes
  artifactKey: Guid(37fcb475fbef81140a96e5215fb1653e) Importer(815301076,1909f56bfc062723c751e8b465ee728b)
Start importing Assets/Low Poly FPS Pack - Free (Sample)/Demo_Scenes using Guid(37fcb475fbef81140a96e5215fb1653e) Importer(815301076,1909f56bfc062723c751e8b465ee728b)  -> (artifact id: '52eb20c3a7f6e0b340093ccfa13a72e7') in 0.005446 seconds
  Import took 0.008077 seconds .

========================================================================
Received Import Request.
  Time since last request: 2.155544 seconds.
  path: Assets/Low Poly FPS Pack - Free (Sample)/Components
  artifactKey: Guid(070f648d739c3ef4cb46f5be4aa9a7cf) Importer(815301076,1909f56bfc062723c751e8b465ee728b)
Start importing Assets/Low Poly FPS Pack - Free (Sample)/Components using Guid(070f648d739c3ef4cb46f5be4aa9a7cf) Importer(815301076,1909f56bfc062723c751e8b465ee728b)  -> (artifact id: 'd0c78c2110f52f8c0d54967b8485c63b') in 0.001908 seconds
  Import took 0.005016 seconds .

========================================================================
Received Import Request.
  Time since last request: 1.555236 seconds.
  path: Assets/Low Poly FPS Pack - Free (Sample)/Components/Audio
  artifactKey: Guid(8dd978777e431d1469232ac316786eee) Importer(815301076,1909f56bfc062723c751e8b465ee728b)
Start importing Assets/Low Poly FPS Pack - Free (Sample)/Components/Audio using Guid(8dd978777e431d1469232ac316786eee) Importer(815301076,1909f56bfc062723c751e8b465ee728b)  -> (artifact id: '4a299ba6cd7b1aa2e67fe53ca13482a9') in 0.002266 seconds
  Import took 0.004750 seconds .

========================================================================
Received Import Request.
  Time since last request: 5.256041 seconds.
  path: Assets/Low Poly FPS Pack - Free (Sample)/Components/Audio/Movement
  artifactKey: Guid(aa72bd7952710c944aad4fe0cd3406f2) Importer(815301076,1909f56bfc062723c751e8b465ee728b)
Start importing Assets/Low Poly FPS Pack - Free (Sample)/Components/Audio/Movement using Guid(aa72bd7952710c944aad4fe0cd3406f2) Importer(815301076,1909f56bfc062723c751e8b465ee728b)  -> (artifact id: 'a8877dc52e924d9bcf4fbd8e368a3190') in 0.002308 seconds
  Import took 0.005808 seconds .

========================================================================
Received Import Request.
  Time since last request: 0.114894 seconds.
  path: Assets/Low Poly FPS Pack - Free (Sample)/Components/Audio/Movement/running_loop.wav
  artifactKey: Guid(0c58744c3b6fdd844b8348066c3f703e) Importer(815301076,1909f56bfc062723c751e8b465ee728b)
Start importing Assets/Low Poly FPS Pack - Free (Sample)/Components/Audio/Movement/running_loop.wav using Guid(0c58744c3b6fdd844b8348066c3f703e) Importer(815301076,1909f56bfc062723c751e8b465ee728b)  -> (artifact id: 'ba0ebf4cdcdb94f9de05283f615f3a0b') in 1.148964 seconds
  Import took 1.152265 seconds .

========================================================================
Received Import Request.
  Time since last request: 0.000221 seconds.
  path: Assets/Low Poly FPS Pack - Free (Sample)/Components/Audio/Movement/walking_loop.wav
  artifactKey: Guid(6597a368cd74a924eaedb0171d5b28d3) Importer(815301076,1909f56bfc062723c751e8b465ee728b)
Start importing Assets/Low Poly FPS Pack - Free (Sample)/Components/Audio/Movement/walking_loop.wav using Guid(6597a368cd74a924eaedb0171d5b28d3) Importer(815301076,1909f56bfc062723c751e8b465ee728b)  -> (artifact id: '0bcacffdc3fba832f40c925f6725c49a') in 0.008776 seconds
  Import took 0.010960 seconds .

========================================================================
Received Import Request.
  Time since last request: 107.843518 seconds.
  path: Assets/Low Poly FPS Pack - Free (Sample)/Components/Scripts/FPSController/FpsControllerLPFP.cs
  artifactKey: Guid(f9ebbf09afaa7a14fa049921e4516bf1) Importer(815301076,1909f56bfc062723c751e8b465ee728b)
Start importing Assets/Low Poly FPS Pack - Free (Sample)/Components/Scripts/FPSController/FpsControllerLPFP.cs using Guid(f9ebbf09afaa7a14fa049921e4516bf1) Importer(815301076,1909f56bfc062723c751e8b465ee728b)  -> (artifact id: 'c24adcdb2d82ccbdd296b902b0c73f87') in 0.005508 seconds
  Import took 0.008131 seconds .

========================================================================
Received Import Request.
  Time since last request: 0.005691 seconds.
  path: Assets/Low Poly FPS Pack - Free (Sample)/Components/Scripts/FPSController/FpsControllerLPFP.cs
  artifactKey: Guid(f9ebbf09afaa7a14fa049921e4516bf1) Importer(815301076,1909f56bfc062723c751e8b465ee728b)
Start importing Assets/Low Poly FPS Pack - Free (Sample)/Components/Scripts/FPSController/FpsControllerLPFP.cs using Guid(f9ebbf09afaa7a14fa049921e4516bf1) Importer(815301076,1909f56bfc062723c751e8b465ee728b)  -> (artifact id: 'c24adcdb2d82ccbdd296b902b0c73f87') in 0.001229 seconds
  Import took 0.003386 seconds .

========================================================================
Received Prepare
Registering precompiled user dll's ...
Registered in 0.000387 seconds.
Begin MonoManager ReloadAssembly
Native extension for OSXStandalone target not found
Refreshing native plugins compatible for Editor in 0.29 ms, found 1 plugins.
Preloading 0 native plugins for Editor in 0.00 ms.
Mono: successfully reloaded assembly
- Completed reload, in  0.963 seconds
Platform modules already initialized, skipping
Refreshing native plugins compatible for Editor in 0.40 ms, found 1 plugins.
Preloading 0 native plugins for Editor in 0.00 ms.
Unloading 1131 Unused Serialized files (Serialized files now loaded: 0)
System memory in use before: 136.0 MB.
System memory in use after: 136.1 MB.

Unloading 4 unused Assets to reduce memory usage. Loaded Objects now: 1609.
Total: 2.530820 ms (FindLiveObjects: 0.242954 ms CreateObjectMapping: 0.064574 ms MarkObjects: 2.198562 ms  DeleteObjects: 0.022848 ms)

========================================================================
Received Import Request.
  Time since last request: 196.255238 seconds.
  path: Assets/Low Poly FPS Pack - Free (Sample)/Components/Scripts/FPSController/FpsControllerLPFP.cs
  artifactKey: Guid(f9ebbf09afaa7a14fa049921e4516bf1) Importer(815301076,1909f56bfc062723c751e8b465ee728b)
Start importing Assets/Low Poly FPS Pack - Free (Sample)/Components/Scripts/FPSController/FpsControllerLPFP.cs using Guid(f9ebbf09afaa7a14fa049921e4516bf1) Importer(815301076,1909f56bfc062723c751e8b465ee728b)  -> (artifact id: 'e9323e2b6cb86098ea18d7f00c917fcf') in 0.003662 seconds
  Import took 0.006225 seconds .

